<?xml version="1.0" encoding="UTF-8"?>
<testsuite name="Validate products in the cart" tests="1" skipped="0" failures="0" errors="0" timestamp="2020-01-30T16:40:12" hostname="SQA-1943" time="18.19">
  <properties/>
  <testcase name="Validate that the product selected by the customer is added and displayed correctly in the cart." classname="Validate products in the cart" time="18.19"/>
  <system-out><![CDATA[Galaxy A20s Negro + Chip Entel
]]></system-out>
  <system-err><![CDATA[ene 30, 2020 11:40:13 AM org.openqa.selenium.remote.DesiredCapabilities chrome
INFORMACIÓN: Using `new ChromeOptions()` is preferred to `DesiredCapabilities.chrome()`
[Test worker] INFO net.serenitybdd.core.webdriver.driverproviders.ProvideNewDriver - Instantiating driver
[Test worker] INFO net.serenitybdd.core.webdriver.driverproviders.ProvideNewDriver - Driver capabilities: Capabilities {acceptInsecureCerts: false, browserName: chrome, chrome.switches: --start-maximized;--incogni..., goog:chromeOptions: {args: [--start-maximized, --incognito, --disable-download-notifica..., --enable-automation, --test-type], extensions: []}, platform: ANY, version: }
Starting ChromeDriver 79.0.3945.36 (3582db32b33893869b8c1339e8f4d9ed1816f143-refs/branch-heads/3945@{#614}) on port 36741
Only local connections are allowed.
Please protect ports used by ChromeDriver and related test frameworks to prevent access by malicious code.
ene 30, 2020 11:40:16 AM org.openqa.selenium.remote.ProtocolHandshake createSession
INFORMACIÓN: Detected dialect: W3C
[Test worker] INFO net.thucydides.core.steps.ConsoleLoggingListener - 
        __    _____ _____ ____ _____   ____   _    ____  ____  _____ ____  
  _     \ \  |_   _| ____/ ___|_   _| |  _ \ / \  / ___|/ ___|| ____|  _ \ 
 (_)_____| |   | | |  _| \___ \ | |   | |_) / _ \ \___ \\___ \|  _| | | | |
  _|_____| |   | | | |___ ___) || |   |  __/ ___ \ ___) |___) | |___| |_| |
 (_)     | |   |_| |_____|____/ |_|   |_| /_/   \_\____/|____/|_____|____/ 
        /_/                                                                

TEST PASSED: Validate that the product selected by the customer is added and displayed correctly in the cart.
----------------------------------------------------------------------------
]]></system-err>
</testsuite>
